----------

Thu Aug 22 2019 21:29:07 GMT+0530 (IST)

Warning: Permanently added the RSA host key for IP address '13.234.176.102' to the list of known hosts.


----------

Thu Aug 22 2019 21:29:12 GMT+0530 (IST)

To github.com:Holyprogrammer/Holyprogrammer.github.io.git
   c714449..646df7e  master -> master


----------

Thu Aug 22 2019 21:58:10 GMT+0530 (IST)

To github.com:Holyprogrammer/Holyprogrammer.github.io.git
   646df7e..afe053f  master -> master


----------

Sat Aug 24 2019 22:33:45 GMT+0530 (IST)

To github.com:Holyprogrammer/Holyprogrammer.github.io.git
   afe053f..be6ee7c  master -> master


----------

Sat Aug 24 2019 22:33:58 GMT+0530 (IST)

To github.com:Holyprogrammer/Holyprogrammer.github.io.git
   be6ee7c..52842ad  master -> master


----------

Wed Aug 28 2019 00:34:04 GMT+0530 (IST)

To github.com:Holyprogrammer/Holyprogrammer.github.io.git
   52842ad..d0078e6  master -> master


----------

Wed Aug 28 2019 00:37:43 GMT+0530 (IST)

To github.com:Holyprogrammer/Holyprogrammer.github.io.git
   d0078e6..6959fc1  master -> master


----------

Wed Sep 04 2019 20:28:19 GMT+0530 (IST)

To github.com:Holyprogrammer/Holyprogrammer.github.io.git
   6405b8b..4900e7f  master -> master


----------

Wed Sep 18 2019 14:51:15 GMT+0530 (IST)

To github.com:Holyprogrammer/Holyprogrammer.github.io.git
 + 7b23144...b281847 master -> master (forced update)


